#
# A fatal error has been detected by the Java Runtime Environment:
#
#  EXCEPTION_ACCESS_VIOLATION (0xc0000005) at pc=0x00007ffa0fb40eca, pid=3812, tid=14828
#
# JRE version: OpenJDK Runtime Environment (18.0.2.1+1) (build 18.0.2.1+1-1)
# Java VM: OpenJDK 64-Bit Server VM (18.0.2.1+1-1, mixed mode, sharing, tiered, compressed oops, compressed class ptrs, g1 gc, windows-amd64)
# Problematic frame:
# V  [jvm.dll+0x760eca]
#
# No core dump will be written. Minidumps are not enabled by default on client versions of Windows
#
# If you would like to submit a bug report, please visit:
#   https://bugreport.java.com/bugreport/crash.jsp
#

---------------  S U M M A R Y ------------

Command Line: -XX:+ShowCodeDetailsInExceptionMessages -agentlib:jdwp=transport=dt_socket,suspend=y,address=localhost:53376 -javaagent:C:\dev\java\eclipse-2022.06\configuration\org.eclipse.osgi\407\0\.cp\lib\javaagent-shaded.jar -Dfile.encoding=UTF-8 be.veltri.FRAME.ConnectionFrame

Host: Intel(R) Core(TM) i7-8550U CPU @ 1.80GHz, 8 cores, 7G,  Windows 11 , 64 bit Build 22621 (10.0.22621.755)
Time: Thu Dec  1 14:44:37 2022 Paris, Madrid elapsed time: 688.892236 seconds (0d 0h 11m 28s)

---------------  T H R E A D  ---------------

Current thread (0x000001c1fd610bf0):  JavaThread "JDWP Transport Listener: dt_socket" daemon [_thread_in_vm, id=14828, stack(0x0000000d04c00000,0x0000000d04d00000)]

Stack: [0x0000000d04c00000,0x0000000d04d00000],  sp=0x0000000d04cff6e0,  free space=1021k
Native frames: (J=compiled Java code, j=interpreted, Vv=VM code, C=native code)
V  [jvm.dll+0x760eca]
V  [jvm.dll+0x52c54c]
V  [jvm.dll+0x4f3d5b]
C  [jdwp.dll+0x230a7]


siginfo: EXCEPTION_ACCESS_VIOLATION (0xc0000005), reading address 0x000000000108010b


Register to memory mapping:

RIP=0x00007ffa0fb40eca jvm.dll
RAX=0x0000000000000111 is an unknown value
RBX=0x000001c1fd493660 points into unknown readable memory: 0x736e6f432f746e00 | 00 6e 74 2f 43 6f 6e 73
RCX=0x0000000001080107 is an unknown value
RDX=0x000001c18132b3e0 points into unknown readable memory: 0x746c65762f65624c | 4c 62 65 2f 76 65 6c 74
RSP=0x0000000d04cff6e0 is pointing into the stack for thread: 0x000001c1fd610bf0
RBP=0x000001c1fd514ca0 points into unknown readable memory: 0x0000000000000002 | 02 00 00 00 00 00 00 00
RSI=0x0 is NULL
RDI=0xffffffffffffffff is an unknown value
R8 =0x0000000000000196 is an unknown value
R9 =0x0000000000000040 is an unknown value
R10=0x0000000000000180 is an unknown value
R11=0x0000000d04cff700 is pointing into the stack for thread: 0x000001c1fd610bf0
R12=0x0000000d04cff838 is pointing into the stack for thread: 0x000001c1fd610bf0
R13=0x0 is NULL
R14=0x0000000800c0baf8 is a pointer to class: 
be.veltri.DAO.GameDAO {0x0000000800c0bb00}
 - instance size:     2
 - klass size:        78
 - access:            public synchronized 
 - state:             fully_initialized
 - name:              'be/veltri/DAO/GameDAO'
 - super:             'be/veltri/DAO/DAO'
 - sub:               
 - arrays:            NULL
 - methods:           Array<T>(0x000001c1f9f81b18)
 - method ordering:   Array<T>(0x000001c1fa573490)
 - default_methods:   Array<T>(0x0000000000000000)
 - local interfaces:  Array<T>(0x00000008005bcc40)
 - trans. interfaces: Array<T>(0x00000008005bcc40)
 - constants:         constant pool [283] {0x000001c1fa574928} for 'be/veltri/DAO/GameDAO' cache=0x000001c1fa5752b0
 - class loader data:  loader data: 0x000001c1fd466510 for instance a 'jdk/internal/loader/ClassLoaders$AppClassLoader'{0x0000000081cfe348}
 - source file:       'GameDAO.java'
 - source debug extension:       SMAP
GameDAO.java
Java
*S jdt
*F
1 GameDAO.java
2 file:/C:/dev/java/projects/Projet_JeuxVideo_Veltri/bin/
*L
*E

 - class annotations:       Array<T>(0x0000000000000000)
 - class type annotations:  Array<T>(0x0000000000000000)
 - field annotations:       Array<T>(0x0000000000000000)
 - field type annotations:  Array<T>(0x0000000000000000)
 - previous version:  constant pool [283] {0x000001c1fa56ed00} for 'be/veltri/DAO/GameDAO' (extra) cache=0x000001c1fa5725b8constant pool [283] {0x000001c1f9e0c270} for 'be/veltri/DAO/GameDAO' (extra) cache=0x000001c1fa568538
 - generic signature: '
[error occurred during error reporting (printing register info), id 0xc0000005, EXCEPTION_ACCESS_VIOLATION (0xc0000005) at pc=0x00007ffa0fb41ad6]

Registers:
RAX=0x0000000000000111, RBX=0x000001c1fd493660, RCX=0x0000000001080107, RDX=0x000001c18132b3e0
RSP=0x0000000d04cff6e0, RBP=0x000001c1fd514ca0, RSI=0x0000000000000000, RDI=0xffffffffffffffff
R8 =0x0000000000000196, R9 =0x0000000000000040, R10=0x0000000000000180, R11=0x0000000d04cff700
R12=0x0000000d04cff838, R13=0x0000000000000000, R14=0x0000000800c0baf8, R15=0x0000000d04cff888
RIP=0x00007ffa0fb40eca, EFLAGS=0x0000000000010202

Top of Stack: (sp=0x0000000d04cff6e0)
0x0000000d04cff6e0:   0000000000000015 0000000800c0baf8
0x0000000d04cff6f0:   000001c1fd610bf0 0000000000000000
0x0000000d04cff700:   ffffffffffffffff 00007ffa0f90c54c
0x0000000d04cff710:   000001c1fd493660 000001c1fd514ca0
0x0000000d04cff720:   0000000000000000 000001c1fd610e80
0x0000000d04cff730:   000001c1fd493620 00000000000003d8
0x0000000d04cff740:   000001c1fd493630 000001c1fd493a08
0x0000000d04cff750:   0000000000000002 0000000d04cff838
0x0000000d04cff760:   0000000000000000 0000000000000000
0x0000000d04cff770:   0000000081f303c0 00007ffa0f8d3d5b
0x0000000d04cff780:   000001c1fd610bf0 0000000d04cff888
0x0000000d04cff790:   000001c1daf9e2f0 0000000d04cff888
0x0000000d04cff7a0:   000001c1fd610bf0 0000000000000000
0x0000000d04cff7b0:   000001c100000000 0000000000000000
0x0000000d04cff7c0:   000000000000000d 00007ffaa1ea30a7
0x0000000d04cff7d0:   0000000d04cff880 00007ffaa1eb1718 

Instructions: (pc=0x00007ffa0fb40eca)
0x00007ffa0fb40dca:   48 8b f8 48 85 db 74 08 48 8b cb e8 16 ad f0 ff
0x00007ffa0fb40dda:   48 8b 5c 24 30 48 8b c7 48 83 c4 20 5f c3 8d 42
0x00007ffa0fb40dea:   06 83 ff 02 b9 08 00 00 00 0f 4e c1 45 33 c0 48
0x00007ffa0fb40dfa:   63 c8 48 83 c1 07 83 e1 f8 48 63 c9 41 8d 50 0b
0x00007ffa0fb40e0a:   48 83 c4 20 5f e9 1c 23 95 ff cc cc cc cc cc cc
0x00007ffa0fb40e1a:   cc cc cc cc cc cc 83 fa 02 8d 42 06 b9 08 00 00
0x00007ffa0fb40e2a:   00 4d 8b c8 0f 4e c1 48 63 c8 49 8b 40 18 48 83
0x00007ffa0fb40e3a:   c1 07 83 e1 f8 48 63 d1 49 8b 48 20 48 2b c8 48
0x00007ffa0fb40e4a:   3b ca 72 09 48 8d 0c 10 49 89 48 18 c3 45 33 c0
0x00007ffa0fb40e5a:   49 8b c9 e9 fe 80 95 ff cc cc cc cc cc cc cc cc
0x00007ffa0fb40e6a:   cc cc cc cc cc cc 4c 8b d2 4c 8b d9 45 85 c0 7e
0x00007ffa0fb40e7a:   3c 44 0f b7 49 04 41 8d 40 ff 41 3b c1 44 0f 4c
0x00007ffa0fb40e8a:   c8 4d 63 c1 45 85 c9 7e 1f 48 8b c2 4c 2b da 49
0x00007ffa0fb40e9a:   8b d0 0f 1f 40 00 41 0f b6 4c 03 06 88 08 48 8d
0x00007ffa0fb40eaa:   40 01 48 83 ea 01 75 ee 43 c6 04 10 00 49 8b c2
0x00007ffa0fb40eba:   c3 cc cc cc cc cc 48 89 5c 24 08 57 48 83 ec 20
0x00007ffa0fb40eca:   0f b7 59 04 48 8b f9 33 d2 48 8d 4b 01 e8 14 d4
0x00007ffa0fb40eda:   f8 ff 0f b7 57 04 4c 8b c0 3b da 0f 42 d3 44 8b
0x00007ffa0fb40eea:   ca 85 d2 74 39 48 2b f8 0f 1f 40 00 66 66 0f 1f
0x00007ffa0fb40efa:   84 00 00 00 00 00 0f b6 4c 07 06 88 08 48 ff c0
0x00007ffa0fb40f0a:   48 8b c8 49 2b c8 49 3b c9 7c eb 42 c6 04 02 00
0x00007ffa0fb40f1a:   49 8b c0 48 8b 5c 24 30 48 83 c4 20 5f c3 48 8b
0x00007ffa0fb40f2a:   5c 24 30 c6 04 02 00 48 83 c4 20 5f c3 cc cc cc
0x00007ffa0fb40f3a:   cc cc cc cc cc cc 4c 8b d1 45 85 c0 7e 6c 44 0f
0x00007ffa0fb40f4a:   b7 49 04 41 8d 40 ff 41 3b c1 44 0f 4c c8 4d 63
0x00007ffa0fb40f5a:   d9 45 85 c9 7e 22 48 8b ca 4c 2b d2 4d 8b c3 0f
0x00007ffa0fb40f6a:   1f 80 00 00 00 00 41 0f b6 44 0a 06 88 01 48 8d
0x00007ffa0fb40f7a:   49 01 49 83 e8 01 75 ee 41 c6 04 13 00 48 c7 c0
0x00007ffa0fb40f8a:   ff ff ff ff 66 90 48 ff c0 80 3c 02 00 75 f7 48
0x00007ffa0fb40f9a:   63 c8 85 c0 48 8b c2 7e 14 80 38 2f 75 03 c6 00
0x00007ffa0fb40faa:   2e 48 ff c0 48 83 e9 01 75 ef 48 8b c2 c3 cc cc
0x00007ffa0fb40fba:   cc cc cc cc cc cc 48 83 ec 28 e8 f7 fe ff ff 4c 


Stack slot to memory mapping:
stack at sp + 0 slots: 0x0000000000000015 is an unknown value
stack at sp + 1 slots: 0x0000000800c0baf8 is a pointer to class: 
be.veltri.DAO.GameDAO {0x0000000800c0bb00}
 - instance size:     2
 - klass size:        78
 - access:            public synchronized 
 - state:             fully_initialized
 - name:              'be/veltri/DAO/GameDAO'
 - super:             'be/veltri/DAO/DAO'
 - sub:               
 - arrays:            NULL
 - methods:           Array<T>(0x000001c1f9f81b18)
 - method ordering:   Array<T>(0x000001c1fa573490)
 - default_methods:   Array<T>(0x0000000000000000)
 - local interfaces:  Array<T>(0x00000008005bcc40)
 - trans. interfaces: Array<T>(0x00000008005bcc40)
 - constants:         constant pool [283] {0x000001c1fa574928} for 'be/veltri/DAO/GameDAO' cache=0x000001c1fa5752b0
 - class loader data:  loader data: 0x000001c1fd466510 for instance a 'jdk/internal/loader/ClassLoaders$AppClassLoader'{0x0000000081cfe348}
 - source file:       'GameDAO.java'
 - source debug extension:       SMAP
GameDAO.java
Java
*S jdt
*F
1 GameDAO.java
2 file:/C:/dev/java/projects/Projet_JeuxVideo_Veltri/bin/
*L
*E

 - class annotations:       Array<T>(0x0000000000000000)
 - class type annotations:  Array<T>(0x0000000000000000)
 - field annotations:       Array<T>(0x0000000000000000)
 - field type annotations:  Array<T>(0x0000000000000000)
 - previous version:  constant pool [283] {0x000001c1fa56ed00} for 'be/veltri/DAO/GameDAO' (extra) cache=0x000001c1fa5725b8constant pool [283] {0x000001c1f9e0c270} for 'be/veltri/DAO/GameDAO' (extra) cache=0x000001c1fa568538
 - generic signature: '
[error occurred during error reporting (inspecting top of stack), id 0xc0000005, EXCEPTION_ACCESS_VIOLATION (0xc0000005) at pc=0x00007ffa0fb41ad6]


---------------  P R O C E S S  ---------------

Threads class SMR info:
_java_thread_list=0x000001c1fdb8bf50, length=21, elements={
0x000001c1f914dd00, 0x000001c1f9150e50, 0x000001c1f916a430, 0x000001c1f916cde0,
0x000001c1f9171790, 0x000001c1f9172130, 0x000001c1f9172e00, 0x000001c1f9191fd0,
0x000001c1f91ea650, 0x000001c1fd497670, 0x000001c1fd610bf0, 0x000001c1fd524340,
0x000001c1fd5594c0, 0x000001c1fd7fe830, 0x000001c1fd69b740, 0x000001c1fdbfcd00,
0x000001c1fdcbc2d0, 0x000001c1fdc8aa60, 0x000001c1dafb2090, 0x000001c1fde66900,
0x000001c1fd757ae0
}

Java Threads: ( => current thread )
  0x000001c1f914dd00 JavaThread "Reference Handler" daemon [_thread_blocked, id=18800, stack(0x0000000d04200000,0x0000000d04300000)]
  0x000001c1f9150e50 JavaThread "Finalizer" daemon [_thread_blocked, id=5104, stack(0x0000000d04300000,0x0000000d04400000)]
  0x000001c1f916a430 JavaThread "Signal Dispatcher" daemon [_thread_blocked, id=21708, stack(0x0000000d04400000,0x0000000d04500000)]
  0x000001c1f916cde0 JavaThread "Attach Listener" daemon [_thread_blocked, id=19992, stack(0x0000000d04500000,0x0000000d04600000)]
  0x000001c1f9171790 JavaThread "Service Thread" daemon [_thread_blocked, id=23100, stack(0x0000000d04600000,0x0000000d04700000)]
  0x000001c1f9172130 JavaThread "Monitor Deflation Thread" daemon [_thread_blocked, id=16468, stack(0x0000000d04700000,0x0000000d04800000)]
  0x000001c1f9172e00 JavaThread "C2 CompilerThread0" daemon [_thread_blocked, id=19032, stack(0x0000000d04800000,0x0000000d04900000)]
  0x000001c1f9191fd0 JavaThread "C1 CompilerThread0" daemon [_thread_blocked, id=2156, stack(0x0000000d04900000,0x0000000d04a00000)]
  0x000001c1f91ea650 JavaThread "Sweeper thread" daemon [_thread_blocked, id=18492, stack(0x0000000d04a00000,0x0000000d04b00000)]
  0x000001c1fd497670 JavaThread "Common-Cleaner" daemon [_thread_blocked, id=12940, stack(0x0000000d04b00000,0x0000000d04c00000)]
=>0x000001c1fd610bf0 JavaThread "JDWP Transport Listener: dt_socket" daemon [_thread_in_vm, id=14828, stack(0x0000000d04c00000,0x0000000d04d00000)]
  0x000001c1fd524340 JavaThread "JDWP Event Helper Thread" daemon [_thread_blocked, id=8092, stack(0x0000000d04d00000,0x0000000d04e00000)]
  0x000001c1fd5594c0 JavaThread "JDWP Command Reader" daemon [_thread_in_native, id=12036, stack(0x0000000d04e00000,0x0000000d04f00000)]
  0x000001c1fd7fe830 JavaThread "Notification Thread" daemon [_thread_blocked, id=7376, stack(0x0000000d04f00000,0x0000000d05000000)]
  0x000001c1fd69b740 JavaThread "Java2D Disposer" daemon [_thread_blocked, id=9760, stack(0x0000000d05100000,0x0000000d05200000)]
  0x000001c1fdbfcd00 JavaThread "AWT-Shutdown" [_thread_blocked, id=15960, stack(0x0000000d05200000,0x0000000d05300000)]
  0x000001c1fdcbc2d0 JavaThread "AWT-Windows" daemon [_thread_in_native, id=13128, stack(0x0000000d05300000,0x0000000d05400000)]
  0x000001c1fdc8aa60 JavaThread "AWT-EventQueue-0" [_thread_blocked, id=11660, stack(0x0000000d05400000,0x0000000d05500000)]
  0x000001c1dafb2090 JavaThread "DestroyJavaVM" [_thread_blocked, id=7876, stack(0x0000000d03b00000,0x0000000d03c00000)]
  0x000001c1fde66900 JavaThread "TimerQueue" daemon [_thread_blocked, id=2608, stack(0x0000000d05600000,0x0000000d05700000)]
  0x000001c1fd757ae0 JavaThread "MemoryTimer-DBJeuxVideo.accdb" daemon [_thread_blocked, id=15000, stack(0x0000000d05a00000,0x0000000d05b00000)]

Other Threads:
  0x000001c1db02a4f0 VMThread "VM Thread" [stack: 0x0000000d04100000,0x0000000d04200000] [id=16132]
  0x000001c1fd7fecf0 WatcherThread "VM Periodic Task Thread" [stack: 0x0000000d05000000,0x0000000d05100000] [id=20192]
  0x000001c1db010850 WorkerThread "GC Thread#0" [stack: 0x0000000d03c00000,0x0000000d03d00000] [id=15804]
  0x000001c1fd792d10 WorkerThread "GC Thread#1" [stack: 0x0000000d05b00000,0x0000000d05c00000] [id=20172]
  0x000001c1fd7e1250 WorkerThread "GC Thread#2" [stack: 0x0000000d05c00000,0x0000000d05d00000] [id=13644]
  0x000001c1fdea06b0 WorkerThread "GC Thread#3" [stack: 0x0000000d05d00000,0x0000000d05e00000] [id=11796]
  0x000001c1fd5005d0 WorkerThread "GC Thread#4" [stack: 0x0000000d05e00000,0x0000000d05f00000] [id=13000]
  0x000001c1fe147ff0 WorkerThread "GC Thread#5" [stack: 0x0000000d05f00000,0x0000000d06000000] [id=19252]
  0x000001c1fdfcf720 WorkerThread "GC Thread#6" [stack: 0x0000000d06000000,0x0000000d06100000] [id=5328]
  0x000001c1fdfcf480 WorkerThread "GC Thread#7" [stack: 0x0000000d06100000,0x0000000d06200000] [id=21332]
  0x000001c1db0214c0 ConcurrentGCThread "G1 Main Marker" [stack: 0x0000000d03d00000,0x0000000d03e00000] [id=20084]
  0x000001c1db0237c0 WorkerThread "G1 Conc#0" [stack: 0x0000000d03e00000,0x0000000d03f00000] [id=5876]
  0x000001c1f90060b0 ConcurrentGCThread "G1 Refine#0" [stack: 0x0000000d03f00000,0x0000000d04000000] [id=18116]
  0x000001c1f90069c0 ConcurrentGCThread "G1 Service" [stack: 0x0000000d04000000,0x0000000d04100000] [id=17500]

Threads with active compile tasks:

VM state: not at safepoint (normal execution)

VM Mutex/Monitor currently owned by a thread: None

Heap address: 0x0000000081600000, size: 2026 MB, Compressed Oops mode: 32-bit

CDS archive(s) mapped at: [0x0000000800000000-0x0000000800ba0000-0x0000000800ba0000), size 12189696, SharedBaseAddress: 0x0000000800000000, ArchiveRelocationMode: 0.
Compressed class space mapped at: 0x0000000800c00000-0x0000000840c00000, reserved size: 1073741824
Narrow klass base: 0x0000000800000000, Narrow klass shift: 0, Narrow klass range: 0x100000000

GC Precious Log:
 CardTable entry size: 512
 Card Set container configuration: InlinePtr #cards 5 size 8 Array Of Cards #cards 12 size 40 Howl #buckets 4 coarsen threshold 1843 Howl Bitmap #cards 512 size 80 coarsen threshold 460 Card regions per heap region 1 cards per card region 2048
 CPUs: 8 total, 8 available
 Memory: 8101M
 Large Page Support: Disabled
 NUMA Support: Disabled
 Compressed Oops: Enabled (32-bit)
 Heap Region Size: 1M
 Heap Min Capacity: 8M
 Heap Initial Capacity: 128M
 Heap Max Capacity: 2026M
 Pre-touch: Disabled
 Parallel Workers: 8
 Concurrent Workers: 2
 Concurrent Refinement Workers: 8
 Periodic GC: Disabled

Heap:
 garbage-first heap   total 131072K, used 15582K [0x0000000081600000, 0x0000000100000000)
  region size 1024K, 7 young (7168K), 5 survivors (5120K)
 Metaspace       used 19240K, committed 19456K, reserved 1114112K
  class space    used 1762K, committed 1856K, reserved 1048576K

Heap Regions: E=young(eden), S=young(survivor), O=old, HS=humongous(starts), HC=humongous(continues), CS=collection set, F=free, OA=open archive, CA=closed archive, TAMS=top-at-mark-start (previous, next)
|   0|0x0000000081600000, 0x0000000081700000, 0x0000000081700000|100%|HS|  |TAMS 0x0000000081600000, 0x0000000081600000| Complete 
|   1|0x0000000081700000, 0x0000000081800000, 0x0000000081800000|100%|HC|  |TAMS 0x0000000081700000, 0x0000000081700000| Complete 
|   2|0x0000000081800000, 0x0000000081900000, 0x0000000081900000|100%|HS|  |TAMS 0x0000000081800000, 0x0000000081800000| Complete 
|   3|0x0000000081900000, 0x0000000081a00000, 0x0000000081a00000|100%|HC|  |TAMS 0x0000000081900000, 0x0000000081900000| Complete 
|   4|0x0000000081a00000, 0x0000000081b00000, 0x0000000081b00000|100%|HC|  |TAMS 0x0000000081a00000, 0x0000000081a00000| Complete 
|   5|0x0000000081b00000, 0x0000000081c00000, 0x0000000081c00000|100%|HC|  |TAMS 0x0000000081b00000, 0x0000000081b00000| Complete 
|   6|0x0000000081c00000, 0x0000000081d00000, 0x0000000081d00000|100%| O|  |TAMS 0x0000000081c00000, 0x0000000081c00000| Untracked 
|   7|0x0000000081d00000, 0x0000000081e00000, 0x0000000081e00000|100%| O|  |TAMS 0x0000000081d00000, 0x0000000081d00000| Untracked 
|   8|0x0000000081e00000, 0x0000000081f00000, 0x0000000081f00000|100%| O|  |TAMS 0x0000000081e00000, 0x0000000081e00000| Untracked 
|   9|0x0000000081f00000, 0x0000000082000000, 0x0000000082000000|100%| O|  |TAMS 0x0000000081f00000, 0x0000000081f00000| Untracked 
|  10|0x0000000082000000, 0x0000000082000000, 0x0000000082100000|  0%| F|  |TAMS 0x0000000082000000, 0x0000000082000000| Untracked 
|  11|0x0000000082100000, 0x0000000082100000, 0x0000000082200000|  0%| F|  |TAMS 0x0000000082100000, 0x0000000082100000| Untracked 
|  12|0x0000000082200000, 0x0000000082200000, 0x0000000082300000|  0%| F|  |TAMS 0x0000000082200000, 0x0000000082200000| Untracked 
|  13|0x0000000082300000, 0x0000000082300000, 0x0000000082400000|  0%| F|  |TAMS 0x0000000082300000, 0x0000000082300000| Untracked 
|  14|0x0000000082400000, 0x0000000082400000, 0x0000000082500000|  0%| F|  |TAMS 0x0000000082400000, 0x0000000082400000| Untracked 
|  15|0x0000000082500000, 0x0000000082500000, 0x0000000082600000|  0%| F|  |TAMS 0x0000000082500000, 0x0000000082500000| Untracked 
|  16|0x0000000082600000, 0x0000000082600000, 0x0000000082700000|  0%| F|  |TAMS 0x0000000082600000, 0x0000000082600000| Untracked 
|  17|0x0000000082700000, 0x0000000082700000, 0x0000000082800000|  0%| F|  |TAMS 0x0000000082700000, 0x0000000082700000| Untracked 
|  18|0x0000000082800000, 0x0000000082800000, 0x0000000082900000|  0%| F|  |TAMS 0x0000000082800000, 0x0000000082800000| Untracked 
|  19|0x0000000082900000, 0x0000000082900000, 0x0000000082a00000|  0%| F|  |TAMS 0x0000000082900000, 0x0000000082900000| Untracked 
|  20|0x0000000082a00000, 0x0000000082a00000, 0x0000000082b00000|  0%| F|  |TAMS 0x0000000082a00000, 0x0000000082a00000| Untracked 
|  21|0x0000000082b00000, 0x0000000082b00000, 0x0000000082c00000|  0%| F|  |TAMS 0x0000000082b00000, 0x0000000082b00000| Untracked 
|  22|0x0000000082c00000, 0x0000000082c00000, 0x0000000082d00000|  0%| F|  |TAMS 0x0000000082c00000, 0x0000000082c00000| Untracked 
|  23|0x0000000082d00000, 0x0000000082d00000, 0x0000000082e00000|  0%| F|  |TAMS 0x0000000082d00000, 0x0000000082d00000| Untracked 
|  24|0x0000000082e00000, 0x0000000082e00000, 0x0000000082f00000|  0%| F|  |TAMS 0x0000000082e00000, 0x0000000082e00000| Untracked 
|  25|0x0000000082f00000, 0x0000000082f00000, 0x0000000083000000|  0%| F|  |TAMS 0x0000000082f00000, 0x0000000082f00000| Untracked 
|  26|0x0000000083000000, 0x0000000083000000, 0x0000000083100000|  0%| F|  |TAMS 0x0000000083000000, 0x0000000083000000| Untracked 
|  27|0x0000000083100000, 0x0000000083100000, 0x0000000083200000|  0%| F|  |TAMS 0x0000000083100000, 0x0000000083100000| Untracked 
|  28|0x0000000083200000, 0x0000000083200000, 0x0000000083300000|  0%| F|  |TAMS 0x0000000083200000, 0x0000000083200000| Untracked 
|  29|0x0000000083300000, 0x0000000083300000, 0x0000000083400000|  0%| F|  |TAMS 0x0000000083300000, 0x0000000083300000| Untracked 
|  30|0x0000000083400000, 0x0000000083400000, 0x0000000083500000|  0%| F|  |TAMS 0x0000000083400000, 0x0000000083400000| Untracked 
|  31|0x0000000083500000, 0x0000000083500000, 0x0000000083600000|  0%| F|  |TAMS 0x0000000083500000, 0x0000000083500000| Untracked 
|  32|0x0000000083600000, 0x0000000083600000, 0x0000000083700000|  0%| F|  |TAMS 0x0000000083600000, 0x0000000083600000| Untracked 
|  33|0x0000000083700000, 0x0000000083700000, 0x0000000083800000|  0%| F|  |TAMS 0x0000000083700000, 0x0000000083700000| Untracked 
|  34|0x0000000083800000, 0x0000000083800000, 0x0000000083900000|  0%| F|  |TAMS 0x0000000083800000, 0x0000000083800000| Untracked 
|  35|0x0000000083900000, 0x0000000083900000, 0x0000000083a00000|  0%| F|  |TAMS 0x0000000083900000, 0x0000000083900000| Untracked 
|  36|0x0000000083a00000, 0x0000000083a00000, 0x0000000083b00000|  0%| F|  |TAMS 0x0000000083a00000, 0x0000000083a00000| Untracked 
|  37|0x0000000083b00000, 0x0000000083b00000, 0x0000000083c00000|  0%| F|  |TAMS 0x0000000083b00000, 0x0000000083b00000| Untracked 
|  38|0x0000000083c00000, 0x0000000083c00000, 0x0000000083d00000|  0%| F|  |TAMS 0x0000000083c00000, 0x0000000083c00000| Untracked 
|  39|0x0000000083d00000, 0x0000000083d00000, 0x0000000083e00000|  0%| F|  |TAMS 0x0000000083d00000, 0x0000000083d00000| Untracked 
|  40|0x0000000083e00000, 0x0000000083e00000, 0x0000000083f00000|  0%| F|  |TAMS 0x0000000083e00000, 0x0000000083e00000| Untracked 
|  41|0x0000000083f00000, 0x0000000083f00000, 0x0000000084000000|  0%| F|  |TAMS 0x0000000083f00000, 0x0000000083f00000| Untracked 
|  42|0x0000000084000000, 0x0000000084000000, 0x0000000084100000|  0%| F|  |TAMS 0x0000000084000000, 0x0000000084000000| Untracked 
|  43|0x0000000084100000, 0x0000000084100000, 0x0000000084200000|  0%| F|  |TAMS 0x0000000084100000, 0x0000000084100000| Untracked 
|  44|0x0000000084200000, 0x0000000084200000, 0x0000000084300000|  0%| F|  |TAMS 0x0000000084200000, 0x0000000084200000| Untracked 
|  45|0x0000000084300000, 0x0000000084300000, 0x0000000084400000|  0%| F|  |TAMS 0x0000000084300000, 0x0000000084300000| Untracked 
|  46|0x0000000084400000, 0x0000000084400000, 0x0000000084500000|  0%| F|  |TAMS 0x0000000084400000, 0x0000000084400000| Untracked 
|  47|0x0000000084500000, 0x00000000845378e8, 0x0000000084600000| 21%| S|CS|TAMS 0x0000000084500000, 0x0000000084500000| Complete 
|  48|0x0000000084600000, 0x0000000084700000, 0x0000000084700000|100%| S|CS|TAMS 0x0000000084600000, 0x0000000084600000| Complete 
|  49|0x0000000084700000, 0x0000000084800000, 0x0000000084800000|100%| S|CS|TAMS 0x0000000084700000, 0x0000000084700000| Complete 
|  50|0x0000000084800000, 0x0000000084900000, 0x0000000084900000|100%| S|CS|TAMS 0x0000000084800000, 0x0000000084800000| Complete 
|  51|0x0000000084900000, 0x0000000084a00000, 0x0000000084a00000|100%| S|CS|TAMS 0x0000000084900000, 0x0000000084900000| Complete 
|  52|0x0000000084a00000, 0x0000000084a00000, 0x0000000084b00000|  0%| F|  |TAMS 0x0000000084a00000, 0x0000000084a00000| Untracked 
|  53|0x0000000084b00000, 0x0000000084b00000, 0x0000000084c00000|  0%| F|  |TAMS 0x0000000084b00000, 0x0000000084b00000| Untracked 
|  54|0x0000000084c00000, 0x0000000084c00000, 0x0000000084d00000|  0%| F|  |TAMS 0x0000000084c00000, 0x0000000084c00000| Untracked 
|  55|0x0000000084d00000, 0x0000000084d00000, 0x0000000084e00000|  0%| F|  |TAMS 0x0000000084d00000, 0x0000000084d00000| Untracked 
|  56|0x0000000084e00000, 0x0000000084e00000, 0x0000000084f00000|  0%| F|  |TAMS 0x0000000084e00000, 0x0000000084e00000| Untracked 
|  57|0x0000000084f00000, 0x0000000084f00000, 0x0000000085000000|  0%| F|  |TAMS 0x0000000084f00000, 0x0000000084f00000| Untracked 
|  58|0x0000000085000000, 0x0000000085000000, 0x0000000085100000|  0%| F|  |TAMS 0x0000000085000000, 0x0000000085000000| Untracked 
|  59|0x0000000085100000, 0x0000000085100000, 0x0000000085200000|  0%| F|  |TAMS 0x0000000085100000, 0x0000000085100000| Untracked 
|  60|0x0000000085200000, 0x0000000085200000, 0x0000000085300000|  0%| F|  |TAMS 0x0000000085200000, 0x0000000085200000| Untracked 
|  61|0x0000000085300000, 0x0000000085300000, 0x0000000085400000|  0%| F|  |TAMS 0x0000000085300000, 0x0000000085300000| Untracked 
|  62|0x0000000085400000, 0x0000000085400000, 0x0000000085500000|  0%| F|  |TAMS 0x0000000085400000, 0x0000000085400000| Untracked 
|  63|0x0000000085500000, 0x0000000085500000, 0x0000000085600000|  0%| F|  |TAMS 0x0000000085500000, 0x0000000085500000| Untracked 
|  64|0x0000000085600000, 0x0000000085600000, 0x0000000085700000|  0%| F|  |TAMS 0x0000000085600000, 0x0000000085600000| Untracked 
|  65|0x0000000085700000, 0x0000000085700000, 0x0000000085800000|  0%| F|  |TAMS 0x0000000085700000, 0x0000000085700000| Untracked 
|  66|0x0000000085800000, 0x0000000085800000, 0x0000000085900000|  0%| F|  |TAMS 0x0000000085800000, 0x0000000085800000| Untracked 
|  67|0x0000000085900000, 0x0000000085900000, 0x0000000085a00000|  0%| F|  |TAMS 0x0000000085900000, 0x0000000085900000| Untracked 
|  68|0x0000000085a00000, 0x0000000085a00000, 0x0000000085b00000|  0%| F|  |TAMS 0x0000000085a00000, 0x0000000085a00000| Untracked 
|  69|0x0000000085b00000, 0x0000000085b00000, 0x0000000085c00000|  0%| F|  |TAMS 0x0000000085b00000, 0x0000000085b00000| Untracked 
|  70|0x0000000085c00000, 0x0000000085c00000, 0x0000000085d00000|  0%| F|  |TAMS 0x0000000085c00000, 0x0000000085c00000| Untracked 
|  71|0x0000000085d00000, 0x0000000085d00000, 0x0000000085e00000|  0%| F|  |TAMS 0x0000000085d00000, 0x0000000085d00000| Untracked 
|  72|0x0000000085e00000, 0x0000000085e00000, 0x0000000085f00000|  0%| F|  |TAMS 0x0000000085e00000, 0x0000000085e00000| Untracked 
|  73|0x0000000085f00000, 0x0000000085f00000, 0x0000000086000000|  0%| F|  |TAMS 0x0000000085f00000, 0x0000000085f00000| Untracked 
|  74|0x0000000086000000, 0x0000000086000000, 0x0000000086100000|  0%| F|  |TAMS 0x0000000086000000, 0x0000000086000000| Untracked 
|  75|0x0000000086100000, 0x0000000086100000, 0x0000000086200000|  0%| F|  |TAMS 0x0000000086100000, 0x0000000086100000| Untracked 
|  76|0x0000000086200000, 0x0000000086200000, 0x0000000086300000|  0%| F|  |TAMS 0x0000000086200000, 0x0000000086200000| Untracked 
|  77|0x0000000086300000, 0x0000000086300000, 0x0000000086400000|  0%| F|  |TAMS 0x0000000086300000, 0x0000000086300000| Untracked 
|  78|0x0000000086400000, 0x0000000086400000, 0x0000000086500000|  0%| F|  |TAMS 0x0000000086400000, 0x0000000086400000| Untracked 
|  79|0x0000000086500000, 0x0000000086500000, 0x0000000086600000|  0%| F|  |TAMS 0x0000000086500000, 0x0000000086500000| Untracked 
|  80|0x0000000086600000, 0x0000000086600000, 0x0000000086700000|  0%| F|  |TAMS 0x0000000086600000, 0x0000000086600000| Untracked 
|  81|0x0000000086700000, 0x0000000086700000, 0x0000000086800000|  0%| F|  |TAMS 0x0000000086700000, 0x0000000086700000| Untracked 
|  82|0x0000000086800000, 0x0000000086800000, 0x0000000086900000|  0%| F|  |TAMS 0x0000000086800000, 0x0000000086800000| Untracked 
|  83|0x0000000086900000, 0x0000000086900000, 0x0000000086a00000|  0%| F|  |TAMS 0x0000000086900000, 0x0000000086900000| Untracked 
|  84|0x0000000086a00000, 0x0000000086a00000, 0x0000000086b00000|  0%| F|  |TAMS 0x0000000086a00000, 0x0000000086a00000| Untracked 
|  85|0x0000000086b00000, 0x0000000086b00000, 0x0000000086c00000|  0%| F|  |TAMS 0x0000000086b00000, 0x0000000086b00000| Untracked 
|  86|0x0000000086c00000, 0x0000000086c00000, 0x0000000086d00000|  0%| F|  |TAMS 0x0000000086c00000, 0x0000000086c00000| Untracked 
|  87|0x0000000086d00000, 0x0000000086d00000, 0x0000000086e00000|  0%| F|  |TAMS 0x0000000086d00000, 0x0000000086d00000| Untracked 
|  88|0x0000000086e00000, 0x0000000086e00000, 0x0000000086f00000|  0%| F|  |TAMS 0x0000000086e00000, 0x0000000086e00000| Untracked 
|  89|0x0000000086f00000, 0x0000000086f00000, 0x0000000087000000|  0%| F|  |TAMS 0x0000000086f00000, 0x0000000086f00000| Untracked 
|  90|0x0000000087000000, 0x0000000087000000, 0x0000000087100000|  0%| F|  |TAMS 0x0000000087000000, 0x0000000087000000| Untracked 
|  91|0x0000000087100000, 0x0000000087100000, 0x0000000087200000|  0%| F|  |TAMS 0x0000000087100000, 0x0000000087100000| Untracked 
|  92|0x0000000087200000, 0x0000000087200000, 0x0000000087300000|  0%| F|  |TAMS 0x0000000087200000, 0x0000000087200000| Untracked 
|  93|0x0000000087300000, 0x0000000087300000, 0x0000000087400000|  0%| F|  |TAMS 0x0000000087300000, 0x0000000087300000| Untracked 
|  94|0x0000000087400000, 0x0000000087400000, 0x0000000087500000|  0%| F|  |TAMS 0x0000000087400000, 0x0000000087400000| Untracked 
|  95|0x0000000087500000, 0x0000000087500000, 0x0000000087600000|  0%| F|  |TAMS 0x0000000087500000, 0x0000000087500000| Untracked 
|  96|0x0000000087600000, 0x0000000087600000, 0x0000000087700000|  0%| F|  |TAMS 0x0000000087600000, 0x0000000087600000| Untracked 
|  97|0x0000000087700000, 0x0000000087700000, 0x0000000087800000|  0%| F|  |TAMS 0x0000000087700000, 0x0000000087700000| Untracked 
|  98|0x0000000087800000, 0x0000000087800000, 0x0000000087900000|  0%| F|  |TAMS 0x0000000087800000, 0x0000000087800000| Untracked 
|  99|0x0000000087900000, 0x0000000087900000, 0x0000000087a00000|  0%| F|  |TAMS 0x0000000087900000, 0x0000000087900000| Untracked 
| 100|0x0000000087a00000, 0x0000000087a00000, 0x0000000087b00000|  0%| F|  |TAMS 0x0000000087a00000, 0x0000000087a00000| Untracked 
| 101|0x0000000087b00000, 0x0000000087b00000, 0x0000000087c00000|  0%| F|  |TAMS 0x0000000087b00000, 0x0000000087b00000| Untracked 
| 102|0x0000000087c00000, 0x0000000087c00000, 0x0000000087d00000|  0%| F|  |TAMS 0x0000000087c00000, 0x0000000087c00000| Untracked 
| 103|0x0000000087d00000, 0x0000000087d00000, 0x0000000087e00000|  0%| F|  |TAMS 0x0000000087d00000, 0x0000000087d00000| Untracked 
| 104|0x0000000087e00000, 0x0000000087e00000, 0x0000000087f00000|  0%| F|  |TAMS 0x0000000087e00000, 0x0000000087e00000| Untracked 
| 105|0x0000000087f00000, 0x0000000087f00000, 0x0000000088000000|  0%| F|  |TAMS 0x0000000087f00000, 0x0000000087f00000| Untracked 
| 106|0x0000000088000000, 0x0000000088000000, 0x0000000088100000|  0%| F|  |TAMS 0x0000000088000000, 0x0000000088000000| Untracked 
| 107|0x0000000088100000, 0x0000000088100000, 0x0000000088200000|  0%| F|  |TAMS 0x0000000088100000, 0x0000000088100000| Untracked 
| 108|0x0000000088200000, 0x0000000088200000, 0x0000000088300000|  0%| F|  |TAMS 0x0000000088200000, 0x0000000088200000| Untracked 
| 109|0x0000000088300000, 0x0000000088300000, 0x0000000088400000|  0%| F|  |TAMS 0x0000000088300000, 0x0000000088300000| Untracked 
| 110|0x0000000088400000, 0x0000000088400000, 0x0000000088500000|  0%| F|  |TAMS 0x0000000088400000, 0x0000000088400000| Untracked 
| 111|0x0000000088500000, 0x0000000088500000, 0x0000000088600000|  0%| F|  |TAMS 0x0000000088500000, 0x0000000088500000| Untracked 
| 112|0x0000000088600000, 0x0000000088600000, 0x0000000088700000|  0%| F|  |TAMS 0x0000000088600000, 0x0000000088600000| Untracked 
| 113|0x0000000088700000, 0x0000000088700000, 0x0000000088800000|  0%| F|  |TAMS 0x0000000088700000, 0x0000000088700000| Untracked 
| 114|0x0000000088800000, 0x0000000088800000, 0x0000000088900000|  0%| F|  |TAMS 0x0000000088800000, 0x0000000088800000| Untracked 
| 115|0x0000000088900000, 0x0000000088900000, 0x0000000088a00000|  0%| F|  |TAMS 0x0000000088900000, 0x0000000088900000| Untracked 
| 116|0x0000000088a00000, 0x0000000088a00000, 0x0000000088b00000|  0%| F|  |TAMS 0x0000000088a00000, 0x0000000088a00000| Untracked 
| 117|0x0000000088b00000, 0x0000000088b00000, 0x0000000088c00000|  0%| F|  |TAMS 0x0000000088b00000, 0x0000000088b00000| Untracked 
| 118|0x0000000088c00000, 0x0000000088c00000, 0x0000000088d00000|  0%| F|  |TAMS 0x0000000088c00000, 0x0000000088c00000| Untracked 
| 119|0x0000000088d00000, 0x0000000088d00000, 0x0000000088e00000|  0%| F|  |TAMS 0x0000000088d00000, 0x0000000088d00000| Untracked 
| 120|0x0000000088e00000, 0x0000000088e00000, 0x0000000088f00000|  0%| F|  |TAMS 0x0000000088e00000, 0x0000000088e00000| Untracked 
| 121|0x0000000088f00000, 0x0000000088f00000, 0x0000000089000000|  0%| F|  |TAMS 0x0000000088f00000, 0x0000000088f00000| Untracked 
| 122|0x0000000089000000, 0x0000000089000000, 0x0000000089100000|  0%| F|  |TAMS 0x0000000089000000, 0x0000000089000000| Untracked 
| 123|0x0000000089100000, 0x0000000089100000, 0x0000000089200000|  0%| F|  |TAMS 0x0000000089100000, 0x0000000089100000| Untracked 
| 124|0x0000000089200000, 0x0000000089200000, 0x0000000089300000|  0%| F|  |TAMS 0x0000000089200000, 0x0000000089200000| Untracked 
| 125|0x0000000089300000, 0x0000000089300000, 0x0000000089400000|  0%| F|  |TAMS 0x0000000089300000, 0x0000000089300000| Untracked 
| 126|0x0000000089400000, 0x00000000894f6a60, 0x0000000089500000| 96%| E|  |TAMS 0x0000000089400000, 0x0000000089400000| Complete 
| 127|0x0000000089500000, 0x0000000089600000, 0x0000000089600000|100%| E|CS|TAMS 0x0000000089500000, 0x0000000089500000| Complete 

Card table byte_map: [0x000001c1f2020000,0x000001c1f2420000] _byte_map_base: 0x000001c1f1c15000

Marking Bits (Prev, Next): (CMBitMap*) 0x000001c1db010e50, (CMBitMap*) 0x000001c1db010e90
 Prev Bits: [0x000001c1f2820000, 0x000001c1f47c8000)
 Next Bits: [0x000001c1f47d0000, 0x000001c1f6778000)

Polling page: 0x000001c1d8ee0000

Metaspace:

Usage:
  Non-class:     17.07 MB used.
      Class:      1.72 MB used.
       Both:     18.79 MB used.

Virtual space:
  Non-class space:       64.00 MB reserved,      17.19 MB ( 27%) committed,  1 nodes.
      Class space:        1.00 GB reserved,       1.81 MB ( <1%) committed,  1 nodes.
             Both:        1.06 GB reserved,      19.00 MB (  2%) committed. 

Chunk freelists:
   Non-Class:  2.53 MB
       Class:  2.02 MB
        Both:  4.55 MB

MaxMetaspaceSize: unlimited
CompressedClassSpaceSize: 1.00 GB
Initial GC threshold: 21.00 MB
Current GC threshold: 21.00 MB
CDS: on
MetaspaceReclaimPolicy: balanced
 - commit_granule_bytes: 65536.
 - commit_granule_words: 8192.
 - virtual_space_node_default_size: 8388608.
 - enlarge_chunks_in_place: 1.
 - new_chunks_are_fully_committed: 0.
 - uncommit_free_chunks: 1.
 - use_allocation_guard: 0.


Internal statistics:

num_allocs_failed_limit: 0.
num_arena_births: 166.
num_arena_deaths: 0.
num_vsnodes_births: 2.
num_vsnodes_deaths: 0.
num_space_committed: 304.
num_space_uncommitted: 0.
num_chunks_returned_to_freelist: 0.
num_chunks_taken_from_freelist: 470.
num_chunk_merges: 0.
num_chunk_splits: 360.
num_chunks_enlarged: 294.
num_inconsistent_stats: 0.

CodeHeap 'non-profiled nmethods': size=120000Kb used=1437Kb max_used=1437Kb free=118563Kb
 bounds [0x000001c1ea3b0000, 0x000001c1ea620000, 0x000001c1f18e0000]
CodeHeap 'profiled nmethods': size=120000Kb used=6453Kb max_used=6453Kb free=113546Kb
 bounds [0x000001c1e2e80000, 0x000001c1e34d0000, 0x000001c1ea3b0000]
CodeHeap 'non-nmethods': size=5760Kb used=1439Kb max_used=1539Kb free=4321Kb
 bounds [0x000001c1e28e0000, 0x000001c1e2b50000, 0x000001c1e2e80000]
 total_blobs=3767 nmethods=3059 adapters=620
 compilation: enabled
              stopped_count=0, restarted_count=0
 full_count=0

Compilation events (20 events):
Event: 15.076 Thread 0x000001c1814c5440 nmethod 3049 0x000001c1ea512110 code [0x000001c1ea512340, 0x000001c1ea513420]
Event: 15.077 Thread 0x000001c1814c5440 3053       4       java.util.regex.Pattern$CharPropertyGreedy::study (45 bytes)
Event: 15.079 Thread 0x000001c1814c5440 nmethod 3053 0x000001c1ea514010 code [0x000001c1ea5141a0, 0x000001c1ea514298]
Event: 15.079 Thread 0x000001c1814c5440 3048   !   4       java.util.regex.Pattern::matcher (44 bytes)
Event: 15.116 Thread 0x000001c1f9172e00 nmethod 3050 0x000001c1ea514390 code [0x000001c1ea5145c0, 0x000001c1ea5153c0]
Event: 15.135 Thread 0x000001c1814c5440 nmethod 3048 0x000001c1ea515d90 code [0x000001c1ea515f60, 0x000001c1ea516ae8]
Event: 621.275 Thread 0x000001c1f9191fd0 3057       3       sun.awt.EventQueueItem::<init> (10 bytes)
Event: 621.276 Thread 0x000001c1f9191fd0 nmethod 3057 0x000001c1e34cb090 code [0x000001c1e34cb220, 0x000001c1e34cb3d8]
Event: 621.677 Thread 0x000001c1f9191fd0 3058       3       java.security.AccessControlContext::calculateFields (89 bytes)
Event: 621.678 Thread 0x000001c1f9191fd0 nmethod 3058 0x000001c1e34cb490 code [0x000001c1e34cb660, 0x000001c1e34cba98]
Event: 621.719 Thread 0x000001c1f9191fd0 3059       3       java.awt.AWTEvent::<init> (81 bytes)
Event: 621.720 Thread 0x000001c1f9191fd0 nmethod 3059 0x000001c1e34cbc10 code [0x000001c1e34cbde0, 0x000001c1e34cc298]
Event: 623.728 Thread 0x000001c1f9191fd0 3061       3       java.util.concurrent.locks.AbstractQueuedSynchronizer$ConditionObject::signalAll (34 bytes)
Event: 623.728 Thread 0x000001c1f9191fd0 nmethod 3061 0x000001c1e34cc410 code [0x000001c1e34cc5e0, 0x000001c1e34cc948]
Event: 662.371 Thread 0x000001c1f9191fd0 3062   !   3       jdk.internal.ref.PhantomCleanable::isListEmpty (34 bytes)
Event: 662.371 Thread 0x000001c1f9191fd0 nmethod 3062 0x000001c1e34cca90 code [0x000001c1e34ccc40, 0x000001c1e34cce98]
Event: 662.371 Thread 0x000001c1f9191fd0 3063       3       jdk.internal.misc.InnocuousThread::eraseThreadLocals (23 bytes)
Event: 662.372 Thread 0x000001c1f9191fd0 nmethod 3063 0x000001c1e34cd010 code [0x000001c1e34cd1a0, 0x000001c1e34cd398]
Event: 662.372 Thread 0x000001c1f9191fd0 3064       3       java.lang.invoke.MethodHandleNatives$CallSiteContext::run (5 bytes)
Event: 662.372 Thread 0x000001c1f9191fd0 nmethod 3064 0x000001c1e34cd410 code [0x000001c1e34cd5a0, 0x000001c1e34cd6e8]

GC Heap History (6 events):
Event: 6.258 GC heap before
{Heap before GC invocations=0 (full 0):
 garbage-first heap   total 131072K, used 29696K [0x0000000081600000, 0x0000000100000000)
  region size 1024K, 23 young (23552K), 0 survivors (0K)
 Metaspace       used 11289K, committed 11584K, reserved 1114112K
  class space    used 1211K, committed 1344K, reserved 1048576K
}
Event: 6.268 GC heap after
{Heap after GC invocations=1 (full 0):
 garbage-first heap   total 131072K, used 10173K [0x0000000081600000, 0x0000000100000000)
  region size 1024K, 3 young (3072K), 3 survivors (3072K)
 Metaspace       used 11289K, committed 11584K, reserved 1114112K
  class space    used 1211K, committed 1344K, reserved 1048576K
}
Event: 7.113 GC heap before
{Heap before GC invocations=1 (full 0):
 garbage-first heap   total 131072K, used 38845K [0x0000000081600000, 0x0000000100000000)
  region size 1024K, 32 young (32768K), 3 survivors (3072K)
 Metaspace       used 15377K, committed 15616K, reserved 1114112K
  class space    used 1551K, committed 1664K, reserved 1048576K
}
Event: 7.123 GC heap after
{Heap after GC invocations=2 (full 0):
 garbage-first heap   total 131072K, used 11650K [0x0000000081600000, 0x0000000100000000)
  region size 1024K, 2 young (2048K), 2 survivors (2048K)
 Metaspace       used 15377K, committed 15616K, reserved 1114112K
  class space    used 1551K, committed 1664K, reserved 1048576K
}
Event: 662.364 GC heap before
{Heap before GC invocations=2 (full 0):
 garbage-first heap   total 131072K, used 87426K [0x0000000081600000, 0x0000000100000000)
  region size 1024K, 76 young (77824K), 2 survivors (2048K)
 Metaspace       used 19228K, committed 19456K, reserved 1114112K
  class space    used 1761K, committed 1856K, reserved 1048576K
}
Event: 662.370 GC heap after
{Heap after GC invocations=3 (full 0):
 garbage-first heap   total 131072K, used 14558K [0x0000000081600000, 0x0000000100000000)
  region size 1024K, 5 young (5120K), 5 survivors (5120K)
 Metaspace       used 19228K, committed 19456K, reserved 1114112K
  class space    used 1761K, committed 1856K, reserved 1048576K
}

Deoptimization events (20 events):
Event: 8.510 Thread 0x000001c1fdc8aa60 Uncommon trap: trap_request=0xffffffc6 fr.pc=0x000001c1ea4d2d64 relative=0x0000000000000ea4
Event: 8.510 Thread 0x000001c1fdc8aa60 Uncommon trap: reason=bimorphic_or_optimized_type_check action=maybe_recompile pc=0x000001c1ea4d2d64 method=java.util.regex.Pattern$Start.match(Ljava/util/regex/Matcher;ILjava/lang/CharSequence;)Z @ 44 c2
Event: 8.510 Thread 0x000001c1fdc8aa60 DEOPT PACKING pc=0x000001c1ea4d2d64 sp=0x0000000d054fe070
Event: 8.510 Thread 0x000001c1fdc8aa60 DEOPT UNPACKING pc=0x000001c1e29323a3 sp=0x0000000d054fdff0 mode 2
Event: 8.542 Thread 0x000001c1fdc8aa60 Uncommon trap: trap_request=0xffffff45 fr.pc=0x000001c1ea4984fc relative=0x000000000000047c
Event: 8.542 Thread 0x000001c1fdc8aa60 Uncommon trap: reason=unstable_if action=reinterpret pc=0x000001c1ea4984fc method=org.hsqldb.Scanner.scanIdentifierChain()V @ 10 c2
Event: 8.542 Thread 0x000001c1fdc8aa60 DEOPT PACKING pc=0x000001c1ea4984fc sp=0x0000000d054fd5e0
Event: 8.542 Thread 0x000001c1fdc8aa60 DEOPT UNPACKING pc=0x000001c1e29323a3 sp=0x0000000d054fd5b0 mode 2
Event: 14.964 Thread 0x000001c1fdc8aa60 Uncommon trap: trap_request=0xffffff45 fr.pc=0x000001c1ea4e9988 relative=0x0000000000000248
Event: 14.964 Thread 0x000001c1fdc8aa60 Uncommon trap: reason=unstable_if action=reinterpret pc=0x000001c1ea4e9988 method=java.util.regex.Pattern$BmpCharProperty.match(Ljava/util/regex/Matcher;ILjava/lang/CharSequence;)Z @ 39 c2
Event: 14.964 Thread 0x000001c1fdc8aa60 DEOPT PACKING pc=0x000001c1ea4e9988 sp=0x0000000d054fde30
Event: 14.964 Thread 0x000001c1fdc8aa60 DEOPT UNPACKING pc=0x000001c1e29323a3 sp=0x0000000d054fdde0 mode 2
Event: 15.001 Thread 0x000001c1fdc8aa60 Uncommon trap: trap_request=0xffffffc6 fr.pc=0x000001c1ea4b4e64 relative=0x00000000000002a4
Event: 15.001 Thread 0x000001c1fdc8aa60 Uncommon trap: reason=bimorphic_or_optimized_type_check action=maybe_recompile pc=0x000001c1ea4b4e64 method=org.hsqldb.lib.HashMap.get(Ljava/lang/Object;)Ljava/lang/Object; @ 1 c2
Event: 15.001 Thread 0x000001c1fdc8aa60 DEOPT PACKING pc=0x000001c1ea4b4e64 sp=0x0000000d054fd740
Event: 15.001 Thread 0x000001c1fdc8aa60 DEOPT UNPACKING pc=0x000001c1e29323a3 sp=0x0000000d054fd700 mode 2
Event: 15.001 Thread 0x000001c1fdc8aa60 Uncommon trap: trap_request=0xffffffc6 fr.pc=0x000001c1ea4b4e64 relative=0x00000000000002a4
Event: 15.001 Thread 0x000001c1fdc8aa60 Uncommon trap: reason=bimorphic_or_optimized_type_check action=maybe_recompile pc=0x000001c1ea4b4e64 method=org.hsqldb.lib.HashMap.get(Ljava/lang/Object;)Ljava/lang/Object; @ 1 c2
Event: 15.001 Thread 0x000001c1fdc8aa60 DEOPT PACKING pc=0x000001c1ea4b4e64 sp=0x0000000d054fd740
Event: 15.001 Thread 0x000001c1fdc8aa60 DEOPT UNPACKING pc=0x000001c1e29323a3 sp=0x0000000d054fd700 mode 2

Classes loaded (20 events):
Event: 7.571 Loading class java/lang/reflect/ProxyGenerator$PrimitiveTypeInfo
Event: 7.571 Loading class java/lang/reflect/ProxyGenerator$PrimitiveTypeInfo done
Event: 7.571 Loading class jdk/internal/org/objectweb/asm/Edge
Event: 7.571 Loading class jdk/internal/org/objectweb/asm/Edge done
Event: 7.573 Loading class java/lang/reflect/Proxy$ProxyBuilder$1
Event: 7.573 Loading class java/lang/reflect/Proxy$ProxyBuilder$1 done
Event: 7.577 Loading class java/lang/reflect/UndeclaredThrowableException
Event: 7.577 Loading class java/lang/reflect/UndeclaredThrowableException done
Event: 7.591 Loading class java/util/regex/Pattern$Loop
Event: 7.591 Loading class java/util/regex/Pattern$Loop done
Event: 7.591 Loading class java/util/regex/Pattern$Prolog
Event: 7.591 Loading class java/util/regex/Pattern$Prolog done
Event: 7.593 Loading class java/util/regex/Pattern$Neg
Event: 7.593 Loading class java/util/regex/Pattern$Neg done
Event: 7.916 Loading class jdk/internal/access/foreign/MemorySegmentProxy
Event: 7.916 Loading class jdk/internal/access/foreign/MemorySegmentProxy done
Event: 8.046 Loading class java/time/LocalDateTime$1
Event: 8.046 Loading class java/time/LocalDateTime$1 done
Event: 8.056 Loading class java/time/OffsetDateTime
Event: 8.056 Loading class java/time/OffsetDateTime done

Classes unloaded (0 events):
No events

Classes redefined (2 events):
Event: 594.431 Thread 0x000001c1db02a4f0 redefined class name=be.veltri.DAO.GameDAO, count=1
Event: 687.217 Thread 0x000001c1db02a4f0 redefined class name=be.veltri.DAO.GameDAO, count=2

Internal exceptions (20 events):
Event: 1.163 Thread 0x000001c1dafb2090 Exception <a 'java/io/FileNotFoundException'{0x0000000088e1ccb0}> (0x0000000088e1ccb0) 
thrown [s\open\src\hotspot\share\prims\jni.cpp, line 516]
Event: 1.270 Thread 0x000001c1dafb2090 Exception <a 'java/lang/NoSuchMethodError'{0x0000000088d16dc0}: 'java.lang.Object java.lang.invoke.DirectMethodHandle$Holder.invokeStaticInit(java.lang.Object)'> (0x0000000088d16dc0) 
thrown [s\open\src\hotspot\share\interpreter\linkResolver.cpp, line 759]
Event: 1.464 Thread 0x000001c1fdc8aa60 Exception <a 'java/lang/NoSuchMethodError'{0x0000000088cc1ec8}: 'void java.lang.invoke.DirectMethodHandle$Holder.invokeSpecial(java.lang.Object, java.lang.Object, java.lang.Object)'> (0x0000000088cc1ec8) 
thrown [s\open\src\hotspot\share\interpreter\linkResolver.cpp, line 759]
Event: 1.495 Thread 0x000001c1fdc8aa60 Exception <a 'java/lang/NoSuchMethodError'{0x0000000088b152a8}: 'java.lang.Object java.lang.invoke.DirectMethodHandle$Holder.newInvokeSpecial(java.lang.Object, java.lang.Object, java.lang.Object, java.lang.Object, java.lang.Object)'> (0x0000000088b152a8) 
thrown [s\open\src\hotspot\share\interpreter\linkResolver.cpp, line 759]
Event: 1.514 Thread 0x000001c1fdc8aa60 Exception <a 'java/lang/NoSuchMethodError'{0x0000000088b475d8}: 'java.lang.Object java.lang.invoke.DirectMethodHandle$Holder.invokeStatic(java.lang.Object, int, java.lang.Object)'> (0x0000000088b475d8) 
thrown [s\open\src\hotspot\share\interpreter\linkResolver.cpp, line 759]
Event: 1.603 Thread 0x000001c1fdc8aa60 Exception <a 'java/lang/ClassNotFoundException'{0x0000000088a132a8}: com/sun/swing/internal/plaf/metal/resources/spi/metalProvider> (0x0000000088a132a8) 
thrown [s\open\src\hotspot\share\classfile\systemDictionary.cpp, line 255]
Event: 1.606 Thread 0x000001c1fdc8aa60 Exception <a 'java/lang/ClassNotFoundException'{0x0000000088a19da0}: com/sun/swing/internal/plaf/basic/resources/spi/basicProvider> (0x0000000088a19da0) 
thrown [s\open\src\hotspot\share\classfile\systemDictionary.cpp, line 255]
Event: 1.630 Thread 0x000001c1fdc8aa60 Exception <a 'java/lang/NoSuchMethodError'{0x0000000088a55cf0}: 'int java.lang.invoke.Invokers$Holder.invokeExact_MT(java.lang.Object, java.lang.Object)'> (0x0000000088a55cf0) 
thrown [s\open\src\hotspot\share\interpreter\linkResolver.cpp, line 759]
Event: 1.632 Thread 0x000001c1fdc8aa60 Implicit null exception at 0x000001c1ea3ea312 to 0x000001c1ea3ea650
Event: 1.785 Thread 0x000001c1fddf0220 Exception <a 'java/lang/NoSuchMethodError'{0x000000008871c810}: 'java.lang.Object java.lang.invoke.DirectMethodHandle$Holder.newInvokeSpecial(java.lang.Object, java.lang.Object, java.lang.Object, int, int, int, int, int)'> (0x000000008871c810) 
thrown [s\open\src\hotspot\share\interpreter\linkResolver.cpp, line 759]
Event: 1.842 Thread 0x000001c1fdcbc2d0 Exception <a 'java/lang/NoSuchMethodError'{0x0000000088d8f0b8}: 'void java.lang.invoke.DirectMethodHandle$Holder.invokeVirtual(java.lang.Object, java.lang.Object)'> (0x0000000088d8f0b8) 
thrown [s\open\src\hotspot\share\interpreter\linkResolver.cpp, line 759]
Event: 1.872 Thread 0x000001c1fdc8aa60 Exception <a 'java/lang/NoSuchMethodError'{0x00000000889e6db8}: 'void java.lang.invoke.DirectMethodHandle$Holder.invokeStaticInit(java.lang.Object)'> (0x00000000889e6db8) 
thrown [s\open\src\hotspot\share\interpreter\linkResolver.cpp, line 759]
Event: 2.194 Thread 0x000001c1fdc8aa60 Exception <a 'java/io/FileNotFoundException'{0x0000000088467f28}> (0x0000000088467f28) 
thrown [s\open\src\hotspot\share\prims\jni.cpp, line 516]
Event: 2.241 Thread 0x000001c1fdc8aa60 Exception <a 'java/io/FileNotFoundException'{0x00000000884b5798}> (0x00000000884b5798) 
thrown [s\open\src\hotspot\share\prims\jni.cpp, line 516]
Event: 2.287 Thread 0x000001c1fdc8aa60 Exception <a 'java/io/FileNotFoundException'{0x0000000088310398}> (0x0000000088310398) 
thrown [s\open\src\hotspot\share\prims\jni.cpp, line 516]
Event: 2.303 Thread 0x000001c1fdc8aa60 Exception <a 'java/io/FileNotFoundException'{0x0000000088329a70}> (0x0000000088329a70) 
thrown [s\open\src\hotspot\share\prims\jni.cpp, line 516]
Event: 6.041 Thread 0x000001c1fdc8aa60 Exception <a 'java/lang/NoSuchMethodError'{0x0000000087f37968}: 'java.lang.Object java.lang.invoke.DirectMethodHandle$Holder.invokeStaticInit(java.lang.Object, int, int, int, int)'> (0x0000000087f37968) 
thrown [s\open\src\hotspot\share\interpreter\linkResolver.cpp, line 759]
Event: 6.232 Thread 0x000001c1fdc8aa60 Exception <a 'java/lang/NoSuchMethodError'{0x0000000087fb00c8}: 'java.lang.Object java.lang.invoke.DirectMethodHandle$Holder.invokeStaticInit(java.lang.Object, java.lang.Object, int, int, int, int)'> (0x0000000087fb00c8) 
thrown [s\open\src\hotspot\share\interpreter\linkResolver.cpp, line 759]
Event: 6.243 Thread 0x000001c1fdc8aa60 Exception <a 'java/lang/NoSuchMethodError'{0x0000000087fe0220}: 'java.lang.Object java.lang.invoke.DirectMethodHandle$Holder.invokeInterface(java.lang.Object, java.lang.Object)'> (0x0000000087fe0220) 
thrown [s\open\src\hotspot\share\interpreter\linkResolver.cpp, line 759]
Event: 6.376 Thread 0x000001c1fdc8aa60 Exception <a 'java/lang/NoClassDefFoundError'{0x0000000089276260}: org/apache/log4j/Priority> (0x0000000089276260) 
thrown [s\open\src\hotspot\share\classfile\systemDictionary.cpp, line 244]

VM Operations (20 events):
Event: 666.763 Executing VM operation: get/set locals
Event: 666.763 Executing VM operation: get/set locals done
Event: 666.764 Executing VM operation: get/set locals
Event: 666.764 Executing VM operation: get/set locals done
Event: 687.184 Executing VM operation: ChangeSingleStep
Event: 687.184 Executing VM operation: ChangeSingleStep done
Event: 687.184 Executing VM operation: ChangeSingleStep
Event: 687.184 Executing VM operation: ChangeSingleStep done
Event: 687.204 Executing VM operation: RedefineClasses
Event: 687.236 Executing VM operation: RedefineClasses done
Event: 687.262 Executing VM operation: ChangeBreakpoints
Event: 687.263 Executing VM operation: ChangeBreakpoints done
Event: 687.287 Executing VM operation: ChangeBreakpoints
Event: 687.288 Executing VM operation: ChangeBreakpoints done
Event: 687.294 Executing VM operation: ChangeSingleStep
Event: 687.294 Executing VM operation: ChangeSingleStep done
Event: 687.295 Executing VM operation: get/set locals
Event: 687.295 Executing VM operation: get/set locals done
Event: 687.298 Executing VM operation: ChangeSingleStep
Event: 687.298 Executing VM operation: ChangeSingleStep done

Events (20 events):
Event: 1.326 Thread 0x000001c1fdc8aa60 Thread added: 0x000001c1fdc8aa60
Event: 1.328 Thread 0x000001c1dafb2090 Thread exited: 0x000001c1dafb2090
Event: 1.328 Thread 0x000001c1dafb2090 Thread added: 0x000001c1dafb2090
Event: 1.728 Thread 0x000001c1fddf0220 Thread added: 0x000001c1fddf0220
Event: 1.782 Loaded shared library C:\dev\java\sdk\jdk-18.0.2.1\bin\javajpeg.dll
Event: 1.784 Thread 0x000001c1fdd405f0 Thread added: 0x000001c1fdd405f0
Event: 1.881 Loaded shared library C:\dev\java\sdk\jdk-18.0.2.1\bin\freetype.dll
Event: 1.882 Loaded shared library C:\dev\java\sdk\jdk-18.0.2.1\bin\fontmanager.dll
Event: 2.050 Thread 0x000001c1fdd405f0 Thread exited: 0x000001c1fdd405f0
Event: 2.232 Thread 0x000001c1fde4a570 Thread added: 0x000001c1fde4a570
Event: 2.427 Thread 0x000001c1fde4a570 Thread exited: 0x000001c1fde4a570
Event: 2.448 Thread 0x000001c1fde66900 Thread added: 0x000001c1fde66900
Event: 6.240 Thread 0x000001c1fd757ae0 Thread added: 0x000001c1fd757ae0
Event: 6.676 Thread 0x000001c1fdf77070 Thread added: 0x000001c1fdf77070
Event: 6.840 Thread 0x000001c1fddf0220 Thread exited: 0x000001c1fddf0220
Event: 7.279 Thread 0x000001c1814c5440 Thread added: 0x000001c1814c5440
Event: 13.569 Thread 0x000001c1fdf77070 Thread exited: 0x000001c1fdf77070
Event: 13.569 Thread 0x000001c1814c5440 Thread exited: 0x000001c1814c5440
Event: 14.993 Thread 0x000001c1814c5440 Thread added: 0x000001c1814c5440
Event: 20.135 Thread 0x000001c1814c5440 Thread exited: 0x000001c1814c5440


Dynamic libraries:
0x00007ff746630000 - 0x00007ff74663e000 	C:\dev\java\sdk\jdk-18.0.2.1\bin\javaw.exe
0x00007ffab7850000 - 0x00007ffab7a64000 	C:\WINDOWS\SYSTEM32\ntdll.dll
0x00007ffab5b80000 - 0x00007ffab5c42000 	C:\WINDOWS\System32\KERNEL32.DLL
0x00007ffab4c50000 - 0x00007ffab4fed000 	C:\WINDOWS\System32\KERNELBASE.dll
0x00007ffab52f0000 - 0x00007ffab5401000 	C:\WINDOWS\System32\ucrtbase.dll
0x00007ffaa42e0000 - 0x00007ffaa42f7000 	C:\dev\java\sdk\jdk-18.0.2.1\bin\jli.dll
0x00007ffaa4210000 - 0x00007ffaa422a000 	C:\dev\java\sdk\jdk-18.0.2.1\bin\VCRUNTIME140.dll
0x00007ffab5d30000 - 0x00007ffab5eda000 	C:\WINDOWS\System32\USER32.dll
0x00007ffa9dc00000 - 0x00007ffa9de8e000 	C:\WINDOWS\WinSxS\amd64_microsoft.windows.common-controls_6595b64144ccf1df_6.0.22621.608_none_a9444ca7c10bb01d\COMCTL32.dll
0x00007ffab52c0000 - 0x00007ffab52e6000 	C:\WINDOWS\System32\win32u.dll
0x00007ffab5620000 - 0x00007ffab56c7000 	C:\WINDOWS\System32\msvcrt.dll
0x00007ffab59a0000 - 0x00007ffab59c9000 	C:\WINDOWS\System32\GDI32.dll
0x00007ffab5120000 - 0x00007ffab5232000 	C:\WINDOWS\System32\gdi32full.dll
0x00007ffab5580000 - 0x00007ffab561a000 	C:\WINDOWS\System32\msvcp_win.dll
0x00007ffab6b10000 - 0x00007ffab6b42000 	C:\WINDOWS\System32\IMM32.DLL
0x00007ffab0ec0000 - 0x00007ffab0ecc000 	C:\dev\java\sdk\jdk-18.0.2.1\bin\vcruntime140_1.dll
0x00007ffa70020000 - 0x00007ffa700ad000 	C:\dev\java\sdk\jdk-18.0.2.1\bin\msvcp140.dll
0x00007ffa0f3e0000 - 0x00007ffa0fff1000 	C:\dev\java\sdk\jdk-18.0.2.1\bin\server\jvm.dll
0x00007ffab6b50000 - 0x00007ffab6bfe000 	C:\WINDOWS\System32\ADVAPI32.dll
0x00007ffab6c00000 - 0x00007ffab6ca4000 	C:\WINDOWS\System32\sechost.dll
0x00007ffab57f0000 - 0x00007ffab5905000 	C:\WINDOWS\System32\RPCRT4.dll
0x00007ffab5c60000 - 0x00007ffab5c68000 	C:\WINDOWS\System32\PSAPI.DLL
0x00007ffa9ac90000 - 0x00007ffa9ac99000 	C:\WINDOWS\SYSTEM32\WSOCK32.dll
0x00007ffab5910000 - 0x00007ffab5981000 	C:\WINDOWS\System32\WS2_32.dll
0x00007ffaac440000 - 0x00007ffaac474000 	C:\WINDOWS\SYSTEM32\WINMM.dll
0x00007ffaad120000 - 0x00007ffaad12a000 	C:\WINDOWS\SYSTEM32\VERSION.dll
0x00007ffab3db0000 - 0x00007ffab3dc8000 	C:\WINDOWS\SYSTEM32\kernel.appcore.dll
0x00007ffa83190000 - 0x00007ffa8319a000 	C:\dev\java\sdk\jdk-18.0.2.1\bin\jimage.dll
0x00007ffab26b0000 - 0x00007ffab28de000 	C:\WINDOWS\SYSTEM32\DBGHELP.DLL
0x00007ffab6080000 - 0x00007ffab640a000 	C:\WINDOWS\System32\combase.dll
0x00007ffab59f0000 - 0x00007ffab5ac7000 	C:\WINDOWS\System32\OLEAUT32.dll
0x00007ffa890e0000 - 0x00007ffa89112000 	C:\WINDOWS\SYSTEM32\dbgcore.DLL
0x00007ffab5240000 - 0x00007ffab52bb000 	C:\WINDOWS\System32\bcryptPrimitives.dll
0x00007ffaa1e80000 - 0x00007ffaa1ebb000 	C:\dev\java\sdk\jdk-18.0.2.1\bin\jdwp.dll
0x00007ffaad6d0000 - 0x00007ffaad6de000 	C:\dev\java\sdk\jdk-18.0.2.1\bin\instrument.dll
0x00007ffa1f880000 - 0x00007ffa1f8a5000 	C:\dev\java\sdk\jdk-18.0.2.1\bin\java.dll
0x00007ffa0f300000 - 0x00007ffa0f3d6000 	C:\dev\java\sdk\jdk-18.0.2.1\bin\jsvml.dll
0x00007ffab6e40000 - 0x00007ffab7620000 	C:\WINDOWS\System32\SHELL32.dll
0x00007ffab2ca0000 - 0x00007ffab3565000 	C:\WINDOWS\SYSTEM32\windows.storage.dll
0x00007ffab2b60000 - 0x00007ffab2c9e000 	C:\WINDOWS\SYSTEM32\wintypes.dll
0x00007ffab6d40000 - 0x00007ffab6e31000 	C:\WINDOWS\System32\SHCORE.dll
0x00007ffab6510000 - 0x00007ffab656e000 	C:\WINDOWS\System32\shlwapi.dll
0x00007ffab4b80000 - 0x00007ffab4ba1000 	C:\WINDOWS\SYSTEM32\profapi.dll
0x00007ffaa42b0000 - 0x00007ffaa42bc000 	C:\dev\java\sdk\jdk-18.0.2.1\bin\dt_socket.dll
0x00007ffab3870000 - 0x00007ffab389d000 	C:\WINDOWS\SYSTEM32\IPHLPAPI.DLL
0x00007ffab4210000 - 0x00007ffab4279000 	C:\WINDOWS\system32\mswsock.dll
0x00007ffab38a0000 - 0x00007ffab3992000 	C:\WINDOWS\SYSTEM32\DNSAPI.dll
0x00007ffab5c50000 - 0x00007ffab5c59000 	C:\WINDOWS\System32\NSI.dll
0x00007ffaa8210000 - 0x00007ffaa821a000 	C:\Windows\System32\rasadhlp.dll
0x00007ffaac1a0000 - 0x00007ffaac223000 	C:\WINDOWS\System32\fwpuclnt.dll
0x00007ffaa3910000 - 0x00007ffaa3928000 	C:\dev\java\sdk\jdk-18.0.2.1\bin\zip.dll
0x00007ffa6abb0000 - 0x00007ffa6abc3000 	C:\dev\java\sdk\jdk-18.0.2.1\bin\net.dll
0x00007ffaadf80000 - 0x00007ffaae0af000 	C:\WINDOWS\SYSTEM32\WINHTTP.dll
0x00007ffa69f50000 - 0x00007ffa69f66000 	C:\dev\java\sdk\jdk-18.0.2.1\bin\nio.dll
0x00007ffaa3900000 - 0x00007ffaa3910000 	C:\dev\java\sdk\jdk-18.0.2.1\bin\verify.dll
0x00007ffa69a10000 - 0x00007ffa69b9e000 	C:\dev\java\sdk\jdk-18.0.2.1\bin\awt.dll
0x00007ffab10f0000 - 0x00007ffab1187000 	C:\WINDOWS\SYSTEM32\apphelp.dll
0x00007ffab1200000 - 0x00007ffab12ab000 	C:\WINDOWS\system32\uxtheme.dll
0x00007ffa80070000 - 0x00007ffa80109000 	C:\Program Files (x86)\TeamViewer\tv_x64.dll
0x00007ffab5ee0000 - 0x00007ffab607c000 	C:\WINDOWS\System32\ole32.dll
0x00007ffab56d0000 - 0x00007ffab57ee000 	C:\WINDOWS\System32\MSCTF.dll
0x00007ffab1480000 - 0x00007ffab14ab000 	C:\WINDOWS\system32\DWMAPI.DLL
0x00007ffaa1750000 - 0x00007ffaa1850000 	C:\WINDOWS\system32\opengl32.dll
0x00007ffaa82f0000 - 0x00007ffaa831d000 	C:\WINDOWS\SYSTEM32\GLU32.dll
0x00007ffab2100000 - 0x00007ffab2136000 	C:\WINDOWS\SYSTEM32\dxcore.dll
0x00007ffaa38d0000 - 0x00007ffaa38fd000 	C:\dev\java\sdk\jdk-18.0.2.1\bin\javajpeg.dll
0x00007ffa6c620000 - 0x00007ffa6c6a6000 	C:\dev\java\sdk\jdk-18.0.2.1\bin\freetype.dll
0x00007ffa6a160000 - 0x00007ffa6a208000 	C:\dev\java\sdk\jdk-18.0.2.1\bin\fontmanager.dll
0x00007ffab5c70000 - 0x00007ffab5d27000 	C:\WINDOWS\System32\clbcatq.dll
0x00007ffaaf330000 - 0x00007ffaaf4e0000 	C:\WINDOWS\SYSTEM32\WindowsCodecs.dll
0x00007ffa89690000 - 0x00007ffa896ee000 	C:\WINDOWS\system32\dataexchange.dll
0x00007ffaaa1d0000 - 0x00007ffaaa43a000 	C:\WINDOWS\system32\twinapi.appcore.dll
0x00007ffaa06e0000 - 0x00007ffaa080d000 	C:\WINDOWS\SYSTEM32\textinputframework.dll
0x00007ffab0760000 - 0x00007ffab0893000 	C:\WINDOWS\SYSTEM32\CoreMessaging.dll
0x00007ffaac730000 - 0x00007ffaaca9c000 	C:\WINDOWS\SYSTEM32\CoreUIComponents.dll
0x00007ffab4450000 - 0x00007ffab445c000 	C:\WINDOWS\SYSTEM32\CRYPTBASE.DLL
0x00007ffab4460000 - 0x00007ffab447b000 	C:\WINDOWS\SYSTEM32\CRYPTSP.dll
0x00007ffab3d20000 - 0x00007ffab3d55000 	C:\WINDOWS\system32\rsaenh.dll
0x00007ffab4300000 - 0x00007ffab4328000 	C:\WINDOWS\SYSTEM32\USERENV.dll
0x00007ffab45f0000 - 0x00007ffab4618000 	C:\WINDOWS\SYSTEM32\bcrypt.dll
0x00007ffaaddf0000 - 0x00007ffaade09000 	C:\WINDOWS\SYSTEM32\dhcpcsvc6.DLL
0x00007ffaadcc0000 - 0x00007ffaadcdf000 	C:\WINDOWS\SYSTEM32\dhcpcsvc.DLL

dbghelp: loaded successfully - version: 4.0.5 - missing functions: none
symbol engine: initialized successfully - sym options: 0x614 - pdb path: .;C:\dev\java\sdk\jdk-18.0.2.1\bin;C:\WINDOWS\SYSTEM32;C:\WINDOWS\WinSxS\amd64_microsoft.windows.common-controls_6595b64144ccf1df_6.0.22621.608_none_a9444ca7c10bb01d;C:\dev\java\sdk\jdk-18.0.2.1\bin\server;C:\Program Files (x86)\TeamViewer

VM Arguments:
jvm_args: -XX:+ShowCodeDetailsInExceptionMessages -agentlib:jdwp=transport=dt_socket,suspend=y,address=localhost:53376 -javaagent:C:\dev\java\eclipse-2022.06\configuration\org.eclipse.osgi\407\0\.cp\lib\javaagent-shaded.jar -Dfile.encoding=UTF-8 
java_command: be.veltri.FRAME.ConnectionFrame
java_class_path (initial): C:\dev\java\projects\Projet_JeuxVideo_Veltri\bin;C:\dev\java\projects\Projet_JeuxVideo_Veltri\jdatepicker-1.3.4.jar;C:\dev\java\projects\Projet_JeuxVideo_Veltri\commons-lang3-3.8.1.jar;C:\dev\java\projects\Projet_JeuxVideo_Veltri\commons-logging-1.2.jar;C:\dev\java\projects\Projet_JeuxVideo_Veltri\hsqldb-2.5.0.jar;C:\dev\java\projects\Projet_JeuxVideo_Veltri\jackcess-3.0.1.jar;C:\dev\java\projects\Projet_JeuxVideo_Veltri\jcalendar-1.4.jar;C:\dev\java\projects\Projet_JeuxVideo_Veltri\jgoodies-common-1.2.0.jar;C:\dev\java\projects\Projet_JeuxVideo_Veltri\jgoodies-looks-2.4.1.jar;C:\dev\java\projects\Projet_JeuxVideo_Veltri\junit-4.6.jar;C:\dev\java\projects\Projet_JeuxVideo_Veltri\ucanaccess-5.0.1.jar;C:\dev\java\projects\Projet_JeuxVideo_Veltri\jgoodies-common-1.8.0.jar;C:\dev\java\projects\Projet_JeuxVideo_Veltri\jgoodies-forms-1.8.0.jar
Launcher Type: SUN_STANDARD

[Global flags]
     intx CICompilerCount                          = 4                                         {product} {ergonomic}
     uint ConcGCThreads                            = 2                                         {product} {ergonomic}
     uint G1ConcRefinementThreads                  = 8                                         {product} {ergonomic}
   size_t G1HeapRegionSize                         = 1048576                                   {product} {ergonomic}
    uintx GCDrainStackTargetSize                   = 64                                        {product} {ergonomic}
   size_t InitialHeapSize                          = 134217728                                 {product} {ergonomic}
   size_t MarkStackSize                            = 4194304                                   {product} {ergonomic}
   size_t MaxHeapSize                              = 2124414976                                {product} {ergonomic}
   size_t MaxNewSize                               = 1274019840                                {product} {ergonomic}
   size_t MinHeapDeltaBytes                        = 1048576                                   {product} {ergonomic}
   size_t MinHeapSize                              = 8388608                                   {product} {ergonomic}
    uintx NonNMethodCodeHeapSize                   = 5839372                                {pd product} {ergonomic}
    uintx NonProfiledCodeHeapSize                  = 122909434                              {pd product} {ergonomic}
    uintx ProfiledCodeHeapSize                     = 122909434                              {pd product} {ergonomic}
    uintx ReservedCodeCacheSize                    = 251658240                              {pd product} {ergonomic}
     bool SegmentedCodeCache                       = true                                      {product} {ergonomic}
     bool ShowCodeDetailsInExceptionMessages       = true                                   {manageable} {command line}
   size_t SoftMaxHeapSize                          = 2124414976                             {manageable} {ergonomic}
     bool UseCompressedClassPointers               = true                           {product lp64_product} {ergonomic}
     bool UseCompressedOops                        = true                           {product lp64_product} {ergonomic}
     bool UseG1GC                                  = true                                      {product} {ergonomic}
     bool UseLargePagesIndividualAllocation        = false                                  {pd product} {ergonomic}

Logging:
Log output configuration:
 #0: stdout all=warning uptime,level,tags foldmultilines=false
 #1: stderr all=off uptime,level,tags foldmultilines=false

Environment Variables:
JAVA_HOME=C:\dev\java\sdk\jdk-18.0.2.1
PATH=C:/dev/java/sdk/jdk-18.0.2.1/bin/server;C:/dev/java/sdk/jdk-18.0.2.1/bin;C:\dev\java\sdk\jdk-18.0.2.1\bin;c:\Program Files\Git\cmd;C:\dev\java\sdk\jdk-18.0.2.1\bin;C:\app\TessV\product\18.0.0\dbhomeXE\bin;C:\app\Tess_Veltri\product\12.2.0\dbhome_1\bin;C:\Program Files (x86)\Intel\Intel(R) Management Engine Components\iCLS\;C:\Program Files\Intel\Intel(R) Management Engine Components\iCLS\;C:\WINDOWS\system32;C:\WINDOWS;C:\WINDOWS\System32\Wbem;C:\WINDOWS\System32\WindowsPowerShell\v1.0\;C:\WINDOWS\System32\OpenSSH\;C:\Program Files (x86)\Intel\Intel(R) Management Engine Components\DAL;C:\Program Files\Intel\Intel(R) Management Engine Components\DAL;C:\Program Files\dotnet\;C:\Program Files\Microsoft SQL Server\Client SDK\ODBC\170\Tools\Binn\;C:\Program Files (x86)\Microsoft SQL Server\150\DTS\Binn\;C:\Program Files\Microsoft SQL Server\Client SDK\ODBC\130\Tools\Binn\;C:\Program Files\Java\jdk-15.0.2\bin;C:\Program Files\nodejs\;C:\Program Files\Git\cmd;C:\Program Files\Microsoft\Azure Functions Core Tools\;C:\Program Files\Microsoft SQL Server\130\Tools\Binn\;C:\Program Files (x86)\dotnet\;C:\Users\TessV\AppData\Local\Microsoft\WindowsApps;C:\Users\TessV\AppData\Local\Programs\Microsoft VS Code\bin;C:\Users\TessV\.dotnet\tools;C:\Users\TessV\AppData\Roaming\npm;%USERPROFILE%\AppData\Local\Microsoft\WindowsApps;;C:\Users\TessV;C:\dev\java\eclipse-2022.06;
USERNAME=TessV
OS=Windows_NT
PROCESSOR_IDENTIFIER=Intel64 Family 6 Model 142 Stepping 10, GenuineIntel



---------------  S Y S T E M  ---------------

OS:
 Windows 11 , 64 bit Build 22621 (10.0.22621.755)
OS uptime: 12 days 4:26 hours

CPU: total 8 (initial active 8) (4 cores per cpu, 2 threads per core) family 6 model 142 stepping 10 microcode 0xe0, cx8, cmov, fxsr, ht, mmx, 3dnowpref, sse, sse2, sse3, ssse3, sse4.1, sse4.2, popcnt, lzcnt, tsc, tscinvbit, avx, avx2, aes, erms, clmul, bmi1, bmi2, adx, fma, vzeroupper, clflush, clflushopt

Memory: 4k page, system-wide physical 8101M (981M free)
TotalPageFile size 19219M (AvailPageFile size 2871M)
current process WorkingSet (physical memory assigned to process): 171M, peak: 176M
current process commit charge ("private bytes"): 252M, peak: 290M

vm_info: OpenJDK 64-Bit Server VM (18.0.2.1+1-1) for windows-amd64 JRE (18.0.2.1+1-1), built on Aug 16 2022 01:44:29 by "mach5one" with MS VC++ 16.8 / 16.9 (VS2019)

END.
